Uploading: ../chu-dau-tu/PRIMA BAY_THÔNG TIN DỰ ÁN/05. Marketing/05. Social posts/6. HÀ NỘI - PRIMA BAY: CHẠM NHỊP SIÊU KẾT NỐI/Siêu kết nối HN - Prima Bay.mp4
link	https://drive.google.com/file/d/15zCnNk4LGBet349QcleP9wV3JSayzTcK/view?usp=drivesdk
permission_id	anyone
Uploading: ../chu-dau-tu/PRIMA BAY_THÔNG TIN DỰ ÁN/05. Marketing/05. Social posts/8. Tầm nhìn đa lớp/BIM_PrimaBay_Tầm nhìn đa lớp_1.mp4
link	https://drive.google.com/file/d/110RjFpta5LP9WGWVu43Kr75LhCHux2Oh/view?usp=drivesdk
permission_id	anyone
Uploading: ../chu-dau-tu/PRIMA BAY_THÔNG TIN DỰ ÁN/05. Marketing/05. Social posts/1. Post 1 - Video giới thiệu Logo/Prima logo.mp4
link	https://drive.google.com/file/d/18MfPHwwr2xVA65wX_j6MPmRzIL1mg0LT/view?usp=drivesdk
permission_id	anyone
Uploading: ../chu-dau-tu/PRIMA BAY_THÔNG TIN DỰ ÁN/05. Marketing/04. Phim/Phim_ Clip Prima Bay/Nhịp sống Prima Bay.mp4
link	https://drive.google.com/file/d/1Da0hxvNjDxLcky2SelHxkObmVg92c7Y7/view?usp=drivesdk
permission_id	anyone
Uploading: ../chu-dau-tu/PRIMA BAY_THÔNG TIN DỰ ÁN/05. Marketing/04. Phim/Phim_ Clip Prima Bay/Clip ra mắt logo Prima Bay.mp4
link	https://drive.google.com/file/d/1UzJ7ELxavlhJ6pWIiYOVJ3T1v5zHNP2p/view?usp=drivesdk
permission_id	anyone
Uploading: ../chu-dau-tu/PRIMA BAY_THÔNG TIN DỰ ÁN/05. Marketing/04. Phim/Phim_ Clip Prima Bay/Prima Bay_Nơi mọi trải nghiệm bắt đầu.mp4
link	https://drive.google.com/file/d/1lrGDjXf0rEeS2SNrKuOfTXN8BXlf3KGh/view?usp=drivesdk
permission_id	anyone
Uploading: ../chu-dau-tu/PRIMA BAY_THÔNG TIN DỰ ÁN/05. Marketing/04. Phim/Phim_ Clip Prima Bay/Prima Bay_Tầm nhìn đa lớp.mp4
link	https://drive.google.com/file/d/1tCLvTOe-VjALFXvJsx6fO_a5TMOiMsUy/view?usp=drivesdk
permission_id	anyone
Uploading: ../chu-dau-tu/PRIMA BAY_THÔNG TIN DỰ ÁN/05. Marketing/04. Phim/Phim_ Clip Halong Marina/Giá trị bền vững của Halong Marina.mp4
link	https://drive.google.com/file/d/1O8xeh1jZLWlWIFeSQlge4Jr5xBJuDgot/view?usp=drivesdk
permission_id	anyone
Uploading: ../chu-dau-tu/PRIMA BAY_THÔNG TIN DỰ ÁN/05. Marketing/04. Phim/Phim_ Clip Halong Marina/Dư địa phát triển Halong Marina.mp4
link	https://drive.google.com/file/d/1iF1w6c-83R0DlWcqt3rpqSkoz6LXQzE4/view?usp=drivesdk
permission_id	anyone
Uploading: ../trung-thuc-land/TTL- PRIMA BAY/4. Tài liệu Marketing/video/0517.mp4
link	https://drive.google.com/file/d/19ZtSfOXr-5OaYf0BBUN1VHhpIvKbdhFR/view?usp=drivesdk
permission_id	anyone
Uploading: ../trung-thuc-land/TTL- PRIMA BAY/4. Tài liệu Marketing/video/0515.mp4
link	https://drive.google.com/file/d/1bInjFQCCh2UhjD8U8EXHA3rq-jkOieAq/view?usp=drivesdk
permission_id	anyone
Uploading: ../trung-thuc-land/TTL- PRIMA BAY/4. Tài liệu Marketing/video/0516.mp4
link	https://drive.google.com/file/d/1QA4_r_RDYyvXacYyBl3ot_L5E7ktQ2Tq/view?usp=drivesdk
permission_id	anyone
